#
# There is insufficient memory for the Java Runtime Environment to continue.
# Native memory allocation (mmap) failed to map 266338304 bytes for Failed to commit area from 0x0000000702000000 to 0x0000000711e00000 of length 266338304.
# Possible reasons:
#   The system is out of physical RAM or swap space
#   The process is running with CompressedOops enabled, and the Java Heap may be blocking the growth of the native heap
# Possible solutions:
#   Reduce memory load on the system
#   Increase physical memory or swap space
#   Check if swap backing store is full
#   Decrease Java heap size (-Xmx/-Xms)
#   Decrease number of Java threads
#   Decrease Java thread stack sizes (-Xss)
#   Set larger code cache with -XX:ReservedCodeCacheSize=
#   JVM is running with Zero Based Compressed Oops mode in which the Java heap is
#     placed in the first 32GB address space. The Java Heap base address is the
#     maximum limit for the native heap growth. Please use -XX:HeapBaseMinAddress
#     to set the Java Heap base and to place the Java Heap above 32GB virtual address.
# This output file may be truncated or incomplete.
#
#  Out of Memory Error (./open/src/hotspot/os/windows/os_windows.cpp:3315), pid=7296, tid=3284
#
# JRE version:  (14.0.1+7) (build )
# Java VM: OpenJDK 64-Bit Server VM (14.0.1+7, mixed mode, sharing, tiered, compressed oops, g1 gc, windows-amd64)
# No core dump will be written. Minidumps are not enabled by default on client versions of Windows
#

---------------  S U M M A R Y ------------

Command Line: -Dmaven.home=EMBEDDED -Dclassworlds.conf=D:\FinalBTRS\.metadata\.plugins\org.eclipse.m2e.launching\launches\m2conf7669577148997585579.tmp -Dmaven.multiModuleProjectDirectory=C:\Users\vamsi.m\git\AvengersBtrsLoggers1\BUS29 -Dfile.encoding=Cp1252 -XX:+ShowCodeDetailsInExceptionMessages org.codehaus.plexus.classworlds.launcher.Launcher -B clean

Host: Intel(R) Core(TM) i5-8400 CPU @ 2.80GHz, 6 cores, 15G,  Windows 10 , 64 bit Build 19041 (10.0.19041.3155)
Time: Mon Jul 31 15:46:54 2023 India Standard Time elapsed time: 0 seconds (0d 0h 0m 0s)

---------------  T H R E A D  ---------------

Current thread (0x000002662d1cf000):  JavaThread "Unknown thread" [_thread_in_vm, id=3284, stack(0x000000be6cd00000,0x000000be6ce00000)]

Stack: [0x000000be6cd00000,0x000000be6ce00000]
Native frames: (J=compiled Java code, j=interpreted, Vv=VM code, C=native code)
V  [jvm.dll+0x5f840a]
V  [jvm.dll+0x741e4a]
V  [jvm.dll+0x7435ff]
V  [jvm.dll+0x743c43]
V  [jvm.dll+0x20d288]
V  [jvm.dll+0x5f57ba]
V  [jvm.dll+0x5ea615]
V  [jvm.dll+0x2c7e9c]
V  [jvm.dll+0x2c7cd2]
V  [jvm.dll+0x2cdbbc]
V  [jvm.dll+0x313ff8]
V  [jvm.dll+0x313720]
V  [jvm.dll+0x2a092a]
V  [jvm.dll+0x2a1a79]
V  [jvm.dll+0x71f718]
V  [jvm.dll+0x321c44]
V  [jvm.dll+0x700b0c]
V  [jvm.dll+0x392dff]
V  [jvm.dll+0x394e71]
C  [jli.dll+0x523b]
C  [ucrtbase.dll+0x21bb2]
C  [KERNEL32.dll+0x17614]
C  [ntdll.dll+0x526b1]


---------------  P R O C E S S  ---------------

Threads class SMR info:
_java_thread_list=0x00007ffeebbf3078, length=0, elements={
}

Java Threads: ( => current thread )

Other Threads:
  0x000002662d239800 GCTaskThread "GC Thread#0" [stack: 0x000000be6ce00000,0x000000be6cf00000] [id=10360]
  0x000002662d25b800 ConcurrentGCThread "G1 Main Marker" [stack: 0x000000be6cf00000,0x000000be6d000000] [id=4968]
  0x000002662d25c800 ConcurrentGCThread "G1 Conc#0" [stack: 0x000000be6d000000,0x000000be6d100000] [id=6344]

[error occurred during error reporting (printing all threads), id 0xc0000005, EXCEPTION_ACCESS_VIOLATION (0xc0000005) at pc=0x00007ffeeb421257]

VM state:not at safepoint (not fully initialized)

VM Mutex/Monitor currently owned by a thread:  ([mutex/lock_event])
[0x000002662d1c9a00] Heap_lock - owner thread: 0x000002662d1cf000

Heap address: 0x0000000702000000, size: 4064 MB, Compressed Oops mode: Zero based, Oop shift amount: 3
Narrow klass base: 0x0000000000000000, Narrow klass shift: 0

GC Heap History (0 events):
No events

Deoptimization events (0 events):
No events

Classes unloaded (0 events):
No events

Classes redefined (0 events):
No events

Internal exceptions (0 events):
No events

Events (2 events):
Event: 0.014 Loaded shared library C:\Program Files\Java\jdk-14.0.1\bin\java.dll
Event: 0.015 Loaded shared library C:\Program Files\Java\jdk-14.0.1\bin\zip.dll


Dynamic libraries:
0x00007ff6b1900000 - 0x00007ff6b190d000 	C:\Program Files\Java\jdk-14.0.1\bin\javaw.exe
0x00007fff26ff0000 - 0x00007fff271e8000 	C:\WINDOWS\SYSTEM32\ntdll.dll
0x00007fff26ad0000 - 0x00007fff26b8f000 	C:\WINDOWS\System32\KERNEL32.dll
0x00007fff24460000 - 0x00007fff2457b000 	C:\Windows\system32\hmpalert.dll
0x00007fff24d50000 - 0x00007fff25046000 	C:\WINDOWS\System32\KERNELBASE.dll
0x00007fff24b60000 - 0x00007fff24c60000 	C:\WINDOWS\System32\ucrtbase.dll
0x00007fff1df30000 - 0x00007fff1df45000 	C:\Program Files\Java\jdk-14.0.1\bin\VCRUNTIME140.dll
0x00007fff1d2f0000 - 0x00007fff1d308000 	C:\Program Files\Java\jdk-14.0.1\bin\jli.dll
0x00007fff26380000 - 0x00007fff2651d000 	C:\WINDOWS\System32\USER32.dll
0x00007fff24a10000 - 0x00007fff24a32000 	C:\WINDOWS\System32\win32u.dll
0x00007fff26a20000 - 0x00007fff26a4c000 	C:\WINDOWS\System32\GDI32.dll
0x00007fff24a40000 - 0x00007fff24b55000 	C:\WINDOWS\System32\gdi32full.dll
0x00007fff24cb0000 - 0x00007fff24d4d000 	C:\WINDOWS\System32\msvcp_win.dll
0x00007fff0a4a0000 - 0x00007fff0a73a000 	C:\WINDOWS\WinSxS\amd64_microsoft.windows.common-controls_6595b64144ccf1df_6.0.19041.1110_none_60b5254171f9507e\COMCTL32.dll
0x00007fff26980000 - 0x00007fff26a1e000 	C:\WINDOWS\System32\msvcrt.dll
0x00007fff250b0000 - 0x00007fff250e0000 	C:\WINDOWS\System32\IMM32.DLL
0x00007fff0bf90000 - 0x00007fff0c02b000 	C:\Program Files\Java\jdk-14.0.1\bin\msvcp140.dll
0x00007ffeeb170000 - 0x00007ffeebc8e000 	C:\Program Files\Java\jdk-14.0.1\bin\server\jvm.dll
0x00007fff26f00000 - 0x00007fff26faf000 	C:\WINDOWS\System32\ADVAPI32.dll
0x00007fff262e0000 - 0x00007fff2637c000 	C:\WINDOWS\System32\sechost.dll
0x00007fff26530000 - 0x00007fff26656000 	C:\WINDOWS\System32\RPCRT4.dll
0x00007fff26520000 - 0x00007fff26528000 	C:\WINDOWS\System32\PSAPI.DLL
0x00007fff20a50000 - 0x00007fff20a5a000 	C:\WINDOWS\SYSTEM32\VERSION.dll
0x00007fff0f0c0000 - 0x00007fff0f0e7000 	C:\WINDOWS\SYSTEM32\WINMM.dll
0x00007fff0f2a0000 - 0x00007fff0f2a9000 	C:\WINDOWS\SYSTEM32\WSOCK32.dll
0x00007fff26910000 - 0x00007fff2697b000 	C:\WINDOWS\System32\WS2_32.dll
0x00007fff22190000 - 0x00007fff221a2000 	C:\WINDOWS\SYSTEM32\kernel.appcore.dll
0x00007fff218a0000 - 0x00007fff218aa000 	C:\Program Files\Java\jdk-14.0.1\bin\jimage.dll
0x00007fff11de0000 - 0x00007fff11fc4000 	C:\WINDOWS\SYSTEM32\DBGHELP.DLL
0x00007fff0f890000 - 0x00007fff0f8c4000 	C:\WINDOWS\SYSTEM32\dbgcore.DLL
0x00007fff246d0000 - 0x00007fff24752000 	C:\WINDOWS\System32\bcryptPrimitives.dll
0x00007fff1e070000 - 0x00007fff1e095000 	C:\Program Files\Java\jdk-14.0.1\bin\java.dll
0x00007fff1eb20000 - 0x00007fff1eb36000 	C:\Program Files\Java\jdk-14.0.1\bin\zip.dll

dbghelp: loaded successfully - version: 4.0.5 - missing functions: none
symbol engine: initialized successfully - sym options: 0x614 - pdb path: .;C:\Program Files\Java\jdk-14.0.1\bin;C:\WINDOWS\SYSTEM32;C:\WINDOWS\WinSxS\amd64_microsoft.windows.common-controls_6595b64144ccf1df_6.0.19041.1110_none_60b5254171f9507e;C:\Program Files\Java\jdk-14.0.1\bin\server

VM Arguments:
jvm_args: -Dmaven.home=EMBEDDED -Dclassworlds.conf=D:\FinalBTRS\.metadata\.plugins\org.eclipse.m2e.launching\launches\m2conf7669577148997585579.tmp -Dmaven.multiModuleProjectDirectory=C:\Users\vamsi.m\git\AvengersBtrsLoggers1\BUS29 -Dfile.encoding=Cp1252 -XX:+ShowCodeDetailsInExceptionMessages 
java_command: org.codehaus.plexus.classworlds.launcher.Launcher -B clean
java_class_path (initial): D:\eclipse\plugins\org.eclipse.m2e.maven.runtime_1.16.0.20200610-1735\jars\plexus-classworlds-2.6.0.jar
Launcher Type: SUN_STANDARD

[Global flags]
     intx CICompilerCount                          = 3                                         {product} {ergonomic}
     uint ConcGCThreads                            = 2                                         {product} {ergonomic}
     uint G1ConcRefinementThreads                  = 6                                         {product} {ergonomic}
   size_t G1HeapRegionSize                         = 1048576                                   {product} {ergonomic}
    uintx GCDrainStackTargetSize                   = 64                                        {product} {ergonomic}
   size_t InitialHeapSize                          = 266338304                                 {product} {ergonomic}
   size_t MarkStackSize                            = 4194304                                   {product} {ergonomic}
   size_t MaxHeapSize                              = 4261412864                                {product} {ergonomic}
   size_t MinHeapDeltaBytes                        = 1048576                                   {product} {ergonomic}
   size_t MinHeapSize                              = 8388608                                   {product} {ergonomic}
    uintx NonNMethodCodeHeapSize                   = 5832780                                {pd product} {ergonomic}
    uintx NonProfiledCodeHeapSize                  = 122912730                              {pd product} {ergonomic}
    uintx ProfiledCodeHeapSize                     = 122912730                              {pd product} {ergonomic}
    uintx ReservedCodeCacheSize                    = 251658240                              {pd product} {ergonomic}
     bool SegmentedCodeCache                       = true                                      {product} {ergonomic}
     bool ShowCodeDetailsInExceptionMessages       = true                                   {manageable} {command line}
   size_t SoftMaxHeapSize                          = 4261412864                             {manageable} {ergonomic}
     bool UseCompressedClassPointers               = true                                 {lp64_product} {ergonomic}
     bool UseCompressedOops                        = true                                 {lp64_product} {ergonomic}
     bool UseG1GC                                  = true                                      {product} {ergonomic}
     bool UseLargePagesIndividualAllocation        = false                                  {pd product} {ergonomic}

Logging:
Log output configuration:
 #0: stdout all=warning uptime,level,tags
 #1: stderr all=off uptime,level,tags

Environment Variables:
PATH=C:/Program Files/Java/jdk-14.0.1/bin/server;C:/Program Files/Java/jdk-14.0.1/bin;C:\Program Files\Common Files\Oracle\Java\javapath;C:\Program Files (x86)\Intel\Intel(R) Management Engine Components\iCLS\;C:\Program Files\Intel\Intel(R) Management Engine Components\iCLS\;C:\ProgramData\Oracle\Java\javapath;C:\WINDOWS\system32;C:\WINDOWS;C:\WINDOWS\System32\Wbem;C:\WINDOWS\System32\WindowsPowerShell\v1.0\;C:\Program Files (x86)\IBM\Personal Communications\;C:\Program Files (x86)\IBM\Trace Facility\;C:\WINDOWS\System32\OpenSSH\;C:\Program Files (x86)\Intel\Intel(R) Management Engine Components\DAL;C:\Program Files\Intel\Intel(R) Management Engine Components\DAL;C:\Program Files (x86)\Intel\Intel(R) Management Engine Components\IPT;C:\Program Files\Intel\Intel(R) Management Engine Components\IPT;C:\Program Files (x86)\Microsoft SQL Server\110\Tools\Binn\ManagementStudio\;C:\Program Files (x86)\Microsoft SQL Server\110\Tools\Binn\;C:\Program Files\Microsoft SQL Server\110\Tools\Binn\;C:\Program Files (x86)\Microsoft SQL Server\110\DTS\Binn\;C:\Program Files\Microsoft SQL Server\110\DTS\Binn\;C:\Users\vamsi.m\AppData\Local\Microsoft\WindowsApps;;D:\eclipse;
USERNAME=vamsi.m
OS=Windows_NT
PROCESSOR_IDENTIFIER=Intel64 Family 6 Model 158 Stepping 10, GenuineIntel



---------------  S Y S T E M  ---------------

OS: Windows 10 , 64 bit Build 19041 (10.0.19041.3155)
OS uptime: 11 days 6:33 hours

CPU:total 6 (initial active 6) (6 cores per cpu, 1 threads per core) family 6 model 158 stepping 10, cmov, cx8, fxsr, mmx, sse, sse2, sse3, ssse3, sse4.1, sse4.2, popcnt, avx, avx2, aes, clmul, erms, 3dnowpref, lzcnt, tsc, tscinvbit, bmi1, bmi2, adx, fma

Memory: 4k page, system-wide physical 16251M (415M free)
TotalPageFile size 16251M (AvailPageFile size 254M)
current process WorkingSet (physical memory assigned to process): 11M, peak: 11M
current process commit charge ("private bytes"): 59M, peak: 313M

vm_info: OpenJDK 64-Bit Server VM (14.0.1+7) for windows-amd64 JRE (14.0.1+7), built on Mar  5 2020 10:30:04 by "mach5one" with MS VC++ 15.9 (VS2017)

END.
